<?xml version="1.0" encoding="UTF-8" ?>
<testsuite failures="0" time="0.015" errors="0" skipped="0" tests="1" name="cxf.test.hw.server.test.AppTest">
  <properties>
    <property name="java.runtime.name" value="Java(TM) SE Runtime Environment"/>
    <property name="sun.boot.library.path" value="/usr/lib/jvm/java-6-sun-1.6.0.24/jre/lib/i386"/>
    <property name="java.vm.version" value="19.1-b02"/>
    <property name="java.vm.vendor" value="Sun Microsystems Inc."/>
    <property name="java.vendor.url" value="http://java.sun.com/"/>
    <property name="path.separator" value=":"/>
    <property name="java.vm.name" value="Java HotSpot(TM) Server VM"/>
    <property name="file.encoding.pkg" value="sun.io"/>
    <property name="user.country" value="FR"/>
    <property name="sun.java.launcher" value="SUN_STANDARD"/>
    <property name="sun.os.patch.level" value="unknown"/>
    <property name="java.vm.specification.name" value="Java Virtual Machine Specification"/>
    <property name="user.dir" value="/data/home/jguillemotte/workspace/easysoa-incubation-cxf-server"/>
    <property name="java.runtime.version" value="1.6.0_24-b07"/>
    <property name="java.awt.graphicsenv" value="sun.awt.X11GraphicsEnvironment"/>
    <property name="basedir" value="/data/home/jguillemotte/workspace/easysoa-incubation-cxf-server"/>
    <property name="java.endorsed.dirs" value="/usr/lib/jvm/java-6-sun-1.6.0.24/jre/lib/endorsed"/>
    <property name="os.arch" value="i386"/>
    <property name="surefire.real.class.path" value="/tmp/surefirebooter8771429722384221555.jar"/>
    <property name="java.io.tmpdir" value="/tmp"/>
    <property name="line.separator" value="
"/>
    <property name="java.vm.specification.vendor" value="Sun Microsystems Inc."/>
    <property name="os.name" value="Linux"/>
    <property name="sun.jnu.encoding" value="UTF-8"/>
    <property name="java.library.path" value="/usr/lib/jvm/java-6-sun-1.6.0.24/jre/lib/i386/server:/usr/lib/jvm/java-6-sun-1.6.0.24/jre/lib/i386:/usr/lib/jvm/java-6-sun-1.6.0.24/jre/../lib/i386:/usr/java/packages/lib/i386:/lib:/usr/lib"/>
    <property name="surefire.test.class.path" value="/data/home/jguillemotte/workspace/easysoa-incubation-cxf-server/target/test-classes:/data/home/jguillemotte/workspace/easysoa-incubation-cxf-server/target/classes:/home/jguillemotte/.m2/repository/junit/junit/3.8.1/junit-3.8.1.jar:/home/jguillemotte/.m2/repository/org/apache/cxf/cxf-rt-frontend-jaxws/2.3.3/cxf-rt-frontend-jaxws-2.3.3.jar:/home/jguillemotte/.m2/repository/xml-resolver/xml-resolver/1.2/xml-resolver-1.2.jar:/home/jguillemotte/.m2/repository/asm/asm/3.3/asm-3.3.jar:/home/jguillemotte/.m2/repository/org/apache/cxf/cxf-api/2.3.3/cxf-api-2.3.3.jar:/home/jguillemotte/.m2/repository/org/apache/cxf/cxf-common-utilities/2.3.3/cxf-common-utilities-2.3.3.jar:/home/jguillemotte/.m2/repository/org/apache/ws/commons/schema/XmlSchema/1.4.7/XmlSchema-1.4.7.jar:/home/jguillemotte/.m2/repository/org/codehaus/woodstox/woodstox-core-asl/4.0.8/woodstox-core-asl-4.0.8.jar:/home/jguillemotte/.m2/repository/org/codehaus/woodstox/stax2-api/3.0.2/stax2-api-3.0.2.jar:/home/jguillemotte/.m2/repository/org/apache/neethi/neethi/2.0.4/neethi-2.0.4.jar:/home/jguillemotte/.m2/repository/wsdl4j/wsdl4j/1.6.2/wsdl4j-1.6.2.jar:/home/jguillemotte/.m2/repository/commons-logging/commons-logging/1.1.1/commons-logging-1.1.1.jar:/home/jguillemotte/.m2/repository/org/apache/cxf/cxf-common-schemas/2.3.3/cxf-common-schemas-2.3.3.jar:/home/jguillemotte/.m2/repository/org/apache/cxf/cxf-rt-core/2.3.3/cxf-rt-core-2.3.3.jar:/home/jguillemotte/.m2/repository/com/sun/xml/bind/jaxb-impl/2.1.13/jaxb-impl-2.1.13.jar:/home/jguillemotte/.m2/repository/org/apache/geronimo/specs/geronimo-javamail_1.4_spec/1.7.1/geronimo-javamail_1.4_spec-1.7.1.jar:/home/jguillemotte/.m2/repository/org/apache/cxf/cxf-rt-bindings-soap/2.3.3/cxf-rt-bindings-soap-2.3.3.jar:/home/jguillemotte/.m2/repository/org/apache/cxf/cxf-tools-common/2.3.3/cxf-tools-common-2.3.3.jar:/home/jguillemotte/.m2/repository/org/apache/cxf/cxf-rt-databinding-jaxb/2.3.3/cxf-rt-databinding-jaxb-2.3.3.jar:/home/jguillemotte/.m2/repository/org/apache/cxf/cxf-rt-bindings-xml/2.3.3/cxf-rt-bindings-xml-2.3.3.jar:/home/jguillemotte/.m2/repository/org/apache/cxf/cxf-rt-frontend-simple/2.3.3/cxf-rt-frontend-simple-2.3.3.jar:/home/jguillemotte/.m2/repository/org/apache/cxf/cxf-rt-ws-addr/2.3.3/cxf-rt-ws-addr-2.3.3.jar:/home/jguillemotte/.m2/repository/org/apache/cxf/cxf-rt-transports-http/2.3.3/cxf-rt-transports-http-2.3.3.jar:/home/jguillemotte/.m2/repository/org/apache/cxf/cxf-rt-transports-common/2.3.3/cxf-rt-transports-common-2.3.3.jar:/home/jguillemotte/.m2/repository/org/springframework/spring-web/3.0.5.RELEASE/spring-web-3.0.5.RELEASE.jar:/home/jguillemotte/.m2/repository/aopalliance/aopalliance/1.0/aopalliance-1.0.jar:/home/jguillemotte/.m2/repository/org/springframework/spring-beans/3.0.5.RELEASE/spring-beans-3.0.5.RELEASE.jar:/home/jguillemotte/.m2/repository/org/springframework/spring-core/3.0.5.RELEASE/spring-core-3.0.5.RELEASE.jar:/home/jguillemotte/.m2/repository/org/springframework/spring-asm/3.0.5.RELEASE/spring-asm-3.0.5.RELEASE.jar:/home/jguillemotte/.m2/repository/org/springframework/spring-context/3.0.5.RELEASE/spring-context-3.0.5.RELEASE.jar:/home/jguillemotte/.m2/repository/org/springframework/spring-aop/3.0.5.RELEASE/spring-aop-3.0.5.RELEASE.jar:/home/jguillemotte/.m2/repository/org/springframework/spring-expression/3.0.5.RELEASE/spring-expression-3.0.5.RELEASE.jar:/home/jguillemotte/.m2/repository/org/eclipse/jetty/jetty-continuation/8.0.0.M2/jetty-continuation-8.0.0.M2.jar:/home/jguillemotte/.m2/repository/org/apache/cxf/cxf-rt-transports-http-jetty/2.3.3/cxf-rt-transports-http-jetty-2.3.3.jar:/home/jguillemotte/.m2/repository/org/eclipse/jetty/jetty-server/7.2.2.v20101205/jetty-server-7.2.2.v20101205.jar:/home/jguillemotte/.m2/repository/org/eclipse/jetty/jetty-http/7.2.2.v20101205/jetty-http-7.2.2.v20101205.jar:/home/jguillemotte/.m2/repository/org/eclipse/jetty/jetty-io/7.2.2.v20101205/jetty-io-7.2.2.v20101205.jar:/home/jguillemotte/.m2/repository/org/eclipse/jetty/jetty-util/7.2.2.v20101205/jetty-util-7.2.2.v20101205.jar:/home/jguillemotte/.m2/repository/org/slf4j/slf4j-api/1.6.1/slf4j-api-1.6.1.jar:/home/jguillemotte/.m2/repository/org/apache/geronimo/specs/geronimo-servlet_3.0_spec/1.0/geronimo-servlet_3.0_spec-1.0.jar:/home/jguillemotte/.m2/repository/org/apache/cxf/cxf-rt-transports-local/2.3.3/cxf-rt-transports-local-2.3.3.jar:"/>
    <property name="java.specification.name" value="Java Platform API Specification"/>
    <property name="java.class.version" value="50.0"/>
    <property name="sun.management.compiler" value="HotSpot Tiered Compilers"/>
    <property name="os.version" value="2.6.35-28-generic-pae"/>
    <property name="user.home" value="/home/jguillemotte"/>
    <property name="user.timezone" value=""/>
    <property name="java.awt.printerjob" value="sun.print.PSPrinterJob"/>
    <property name="file.encoding" value="UTF-8"/>
    <property name="java.specification.version" value="1.6"/>
    <property name="user.name" value="jguillemotte"/>
    <property name="java.class.path" value="/data/home/jguillemotte/workspace/easysoa-incubation-cxf-server/target/test-classes:/data/home/jguillemotte/workspace/easysoa-incubation-cxf-server/target/classes:/home/jguillemotte/.m2/repository/junit/junit/3.8.1/junit-3.8.1.jar:/home/jguillemotte/.m2/repository/org/apache/cxf/cxf-rt-frontend-jaxws/2.3.3/cxf-rt-frontend-jaxws-2.3.3.jar:/home/jguillemotte/.m2/repository/xml-resolver/xml-resolver/1.2/xml-resolver-1.2.jar:/home/jguillemotte/.m2/repository/asm/asm/3.3/asm-3.3.jar:/home/jguillemotte/.m2/repository/org/apache/cxf/cxf-api/2.3.3/cxf-api-2.3.3.jar:/home/jguillemotte/.m2/repository/org/apache/cxf/cxf-common-utilities/2.3.3/cxf-common-utilities-2.3.3.jar:/home/jguillemotte/.m2/repository/org/apache/ws/commons/schema/XmlSchema/1.4.7/XmlSchema-1.4.7.jar:/home/jguillemotte/.m2/repository/org/codehaus/woodstox/woodstox-core-asl/4.0.8/woodstox-core-asl-4.0.8.jar:/home/jguillemotte/.m2/repository/org/codehaus/woodstox/stax2-api/3.0.2/stax2-api-3.0.2.jar:/home/jguillemotte/.m2/repository/org/apache/neethi/neethi/2.0.4/neethi-2.0.4.jar:/home/jguillemotte/.m2/repository/wsdl4j/wsdl4j/1.6.2/wsdl4j-1.6.2.jar:/home/jguillemotte/.m2/repository/commons-logging/commons-logging/1.1.1/commons-logging-1.1.1.jar:/home/jguillemotte/.m2/repository/org/apache/cxf/cxf-common-schemas/2.3.3/cxf-common-schemas-2.3.3.jar:/home/jguillemotte/.m2/repository/org/apache/cxf/cxf-rt-core/2.3.3/cxf-rt-core-2.3.3.jar:/home/jguillemotte/.m2/repository/com/sun/xml/bind/jaxb-impl/2.1.13/jaxb-impl-2.1.13.jar:/home/jguillemotte/.m2/repository/org/apache/geronimo/specs/geronimo-javamail_1.4_spec/1.7.1/geronimo-javamail_1.4_spec-1.7.1.jar:/home/jguillemotte/.m2/repository/org/apache/cxf/cxf-rt-bindings-soap/2.3.3/cxf-rt-bindings-soap-2.3.3.jar:/home/jguillemotte/.m2/repository/org/apache/cxf/cxf-tools-common/2.3.3/cxf-tools-common-2.3.3.jar:/home/jguillemotte/.m2/repository/org/apache/cxf/cxf-rt-databinding-jaxb/2.3.3/cxf-rt-databinding-jaxb-2.3.3.jar:/home/jguillemotte/.m2/repository/org/apache/cxf/cxf-rt-bindings-xml/2.3.3/cxf-rt-bindings-xml-2.3.3.jar:/home/jguillemotte/.m2/repository/org/apache/cxf/cxf-rt-frontend-simple/2.3.3/cxf-rt-frontend-simple-2.3.3.jar:/home/jguillemotte/.m2/repository/org/apache/cxf/cxf-rt-ws-addr/2.3.3/cxf-rt-ws-addr-2.3.3.jar:/home/jguillemotte/.m2/repository/org/apache/cxf/cxf-rt-transports-http/2.3.3/cxf-rt-transports-http-2.3.3.jar:/home/jguillemotte/.m2/repository/org/apache/cxf/cxf-rt-transports-common/2.3.3/cxf-rt-transports-common-2.3.3.jar:/home/jguillemotte/.m2/repository/org/springframework/spring-web/3.0.5.RELEASE/spring-web-3.0.5.RELEASE.jar:/home/jguillemotte/.m2/repository/aopalliance/aopalliance/1.0/aopalliance-1.0.jar:/home/jguillemotte/.m2/repository/org/springframework/spring-beans/3.0.5.RELEASE/spring-beans-3.0.5.RELEASE.jar:/home/jguillemotte/.m2/repository/org/springframework/spring-core/3.0.5.RELEASE/spring-core-3.0.5.RELEASE.jar:/home/jguillemotte/.m2/repository/org/springframework/spring-asm/3.0.5.RELEASE/spring-asm-3.0.5.RELEASE.jar:/home/jguillemotte/.m2/repository/org/springframework/spring-context/3.0.5.RELEASE/spring-context-3.0.5.RELEASE.jar:/home/jguillemotte/.m2/repository/org/springframework/spring-aop/3.0.5.RELEASE/spring-aop-3.0.5.RELEASE.jar:/home/jguillemotte/.m2/repository/org/springframework/spring-expression/3.0.5.RELEASE/spring-expression-3.0.5.RELEASE.jar:/home/jguillemotte/.m2/repository/org/eclipse/jetty/jetty-continuation/8.0.0.M2/jetty-continuation-8.0.0.M2.jar:/home/jguillemotte/.m2/repository/org/apache/cxf/cxf-rt-transports-http-jetty/2.3.3/cxf-rt-transports-http-jetty-2.3.3.jar:/home/jguillemotte/.m2/repository/org/eclipse/jetty/jetty-server/7.2.2.v20101205/jetty-server-7.2.2.v20101205.jar:/home/jguillemotte/.m2/repository/org/eclipse/jetty/jetty-http/7.2.2.v20101205/jetty-http-7.2.2.v20101205.jar:/home/jguillemotte/.m2/repository/org/eclipse/jetty/jetty-io/7.2.2.v20101205/jetty-io-7.2.2.v20101205.jar:/home/jguillemotte/.m2/repository/org/eclipse/jetty/jetty-util/7.2.2.v20101205/jetty-util-7.2.2.v20101205.jar:/home/jguillemotte/.m2/repository/org/slf4j/slf4j-api/1.6.1/slf4j-api-1.6.1.jar:/home/jguillemotte/.m2/repository/org/apache/geronimo/specs/geronimo-servlet_3.0_spec/1.0/geronimo-servlet_3.0_spec-1.0.jar:/home/jguillemotte/.m2/repository/org/apache/cxf/cxf-rt-transports-local/2.3.3/cxf-rt-transports-local-2.3.3.jar:"/>
    <property name="java.vm.specification.version" value="1.0"/>
    <property name="sun.arch.data.model" value="32"/>
    <property name="java.home" value="/usr/lib/jvm/java-6-sun-1.6.0.24/jre"/>
    <property name="java.specification.vendor" value="Sun Microsystems Inc."/>
    <property name="user.language" value="fr"/>
    <property name="java.vm.info" value="mixed mode"/>
    <property name="java.version" value="1.6.0_24"/>
    <property name="java.ext.dirs" value="/usr/lib/jvm/java-6-sun-1.6.0.24/jre/lib/ext:/usr/java/packages/lib/ext"/>
    <property name="sun.boot.class.path" value="/usr/lib/jvm/java-6-sun-1.6.0.24/jre/lib/resources.jar:/usr/lib/jvm/java-6-sun-1.6.0.24/jre/lib/rt.jar:/usr/lib/jvm/java-6-sun-1.6.0.24/jre/lib/sunrsasign.jar:/usr/lib/jvm/java-6-sun-1.6.0.24/jre/lib/jsse.jar:/usr/lib/jvm/java-6-sun-1.6.0.24/jre/lib/jce.jar:/usr/lib/jvm/java-6-sun-1.6.0.24/jre/lib/charsets.jar:/usr/lib/jvm/java-6-sun-1.6.0.24/jre/lib/modules/jdk.boot.jar:/usr/lib/jvm/java-6-sun-1.6.0.24/jre/classes"/>
    <property name="java.vendor" value="Sun Microsystems Inc."/>
    <property name="localRepository" value="/home/jguillemotte/.m2/repository"/>
    <property name="file.separator" value="/"/>
    <property name="java.vendor.url.bug" value="http://java.sun.com/cgi-bin/bugreport.cgi"/>
    <property name="sun.cpu.endian" value="little"/>
    <property name="sun.io.unicode.encoding" value="UnicodeLittle"/>
    <property name="sun.desktop" value="gnome"/>
    <property name="sun.cpu.isalist" value=""/>
  </properties>
  <testcase time="0.003" classname="cxf.test.hw.server.test.AppTest" name="testApp"/>
</testsuite>